66.0 APEX_CODE,DEBUG;APEX_PROFILING,INFO;CALLOUT,INFO;DATA_ACCESS,INFO;DB,INFO;NBA,INFO;SYSTEM,DEBUG;VALIDATION,INFO;VISUALFORCE,INFO;WAVE,INFO;WORKFLOW,INFO
18:03:48.0 (200546)|USER_INFO|[EXTERNAL]|0050Y000000nfxg|administrator@sf.interpipe.biz.newdev|(GMT+03:00) Eastern European Summer Time (Europe/Kyiv)|GMT+03:00
18:03:48.0 (239541)|EXECUTION_STARTED
18:03:48.0 (247336)|CODE_UNIT_STARTED|[EXTERNAL]|VisualForce View State
18:03:48.0 (5189618)|CODE_UNIT_FINISHED|VisualForce View State
18:03:48.0 (5208781)|EXECUTION_FINISHED
18:03:48.7 (7772575)|USER_INFO|[EXTERNAL]|0050Y000000nfxg|administrator@sf.interpipe.biz.newdev|(GMT+03:00) Eastern European Summer Time (Europe/Kyiv)|GMT+03:00
18:03:48.7 (9686807)|SYSTEM_MODE_ENTER|true
18:03:48.53 (53458711)|CUMULATIVE_LIMIT_USAGE
18:03:48.53 (53458711)|LIMIT_USAGE_FOR_NS|(default)|
  Number of SOQL queries: 0 out of 100
  Number of query rows: 0 out of 50000
  Number of SOSL queries: 0 out of 20
  Number of DML statements: 0 out of 150
  Number of Publish Immediate DML: 0 out of 150
  Number of DML rows: 0 out of 10000
  Maximum CPU time: 0 out of 10000
  Maximum heap size: 0 out of 6000000
  Number of callouts: 0 out of 100
  Number of Email Invocations: 0 out of 10
  Number of future calls: 0 out of 50
  Number of queueable jobs added to the queue: 0 out of 50
  Number of Mobile Apex push calls: 0 out of 10

18:03:48.53 (53458711)|CUMULATIVE_LIMIT_USAGE_END

