58.0 APEX_CODE,DEBUG;APEX_PROFILING,INFO;CALLOUT,INFO;DATA_ACCESS,INFO;DB,INFO;NBA,INFO;SYSTEM,DEBUG;VALIDATION,INFO;VISUALFORCE,INFO;WAVE,INFO;WORKFLOW,INFO
18:25:00.92 (92303802)|SOQL_EXECUTE_BEGIN|[297]|Aggregations:0|SELECT Id FROM AsyncApexJob WHERE (Status = :tmpVar1 AND JobType != :tmpVar2 AND ApexClass.Name IN :tmpVar3) LIMIT 1
18:25:00.92 (106884571)|SOQL_EXECUTE_END|[297]|Rows:0
18:25:00.92 (330351245)|SOQL_EXECUTE_BEGIN|[34]|Aggregations:0|SELECT COUNT() FROM AsyncApexJob WHERE (JobType = 'BatchApex' AND Status = 'Holding')
18:25:00.92 (338317347)|SOQL_EXECUTE_END|[34]|Rows:0
18:25:00.418 (418429549)|CUMULATIVE_LIMIT_USAGE
18:25:00.418 (418429549)|LIMIT_USAGE_FOR_NS|(default)|
  Number of SOQL queries: 0 out of 100
  Number of query rows: 0 out of 50000
  Number of SOSL queries: 0 out of 20
  Number of DML statements: 0 out of 150
  Number of Publish Immediate DML: 0 out of 150
  Number of DML rows: 0 out of 10000
  Maximum CPU time: 54 out of 10000
  Maximum heap size: 0 out of 6000000
  Number of callouts: 0 out of 100
  Number of Email Invocations: 0 out of 10
  Number of future calls: 0 out of 50
  Number of queueable jobs added to the queue: 0 out of 50
  Number of Mobile Apex push calls: 0 out of 10

18:25:00.418 (418429549)|LIMIT_USAGE_FOR_NS|pharos|
  Number of SOQL queries: 2 out of 100
  Number of query rows: 1 out of 50000
  Number of SOSL queries: 0 out of 20
  Number of DML statements: 0 out of 150
  Number of Publish Immediate DML: 0 out of 150
  Number of DML rows: 0 out of 10000
  Maximum CPU time: 0 out of 10000
  Maximum heap size: 0 out of 6000000
  Number of callouts: 0 out of 100
  Number of Email Invocations: 0 out of 10
  Number of future calls: 0 out of 50
  Number of queueable jobs added to the queue: 0 out of 50
  Number of Mobile Apex push calls: 0 out of 10

18:25:00.418 (418429549)|CUMULATIVE_LIMIT_USAGE_END

